This is pdfTeX, Version 3.14159265-2.6-1.40.15 (TeX Live 2015/dev/Debian) (preloaded format=pdflatex 2015.2.25)  12 NOV 2015 09:30
entering extended mode
 restricted \write18 enabled.
 %&-line parsing enabled.
**main
(./main.tex
LaTeX2e <2014/05/01>
Babel <3.9l> and hyphenation patterns for 2 languages loaded.
(./sig-alternate.cls
(/usr/share/texlive/texmf-dist/tex/latex/graphics/epsfig.sty
Package: epsfig 1999/02/16 v1.7a (e)psfig emulation (SPQR)

(/usr/share/texlive/texmf-dist/tex/latex/graphics/graphicx.sty
Package: graphicx 2014/04/25 v1.0g Enhanced LaTeX Graphics (DPC,SPQR)

(/usr/share/texlive/texmf-dist/tex/latex/graphics/keyval.sty
Package: keyval 2014/05/08 v1.15 key=value parser (DPC)
\KV@toks@=\toks14
)
(/usr/share/texlive/texmf-dist/tex/latex/graphics/graphics.sty
Package: graphics 2009/02/05 v1.0o Standard LaTeX Graphics (DPC,SPQR)

(/usr/share/texlive/texmf-dist/tex/latex/graphics/trig.sty
Package: trig 1999/03/16 v1.09 sin cos tan (DPC)
)
(/usr/share/texlive/texmf-dist/tex/latex/latexconfig/graphics.cfg
File: graphics.cfg 2010/04/23 v1.9 graphics configuration of TeX Live
)
Package graphics Info: Driver file: pdftex.def on input line 91.

(/usr/share/texlive/texmf-dist/tex/latex/pdftex-def/pdftex.def
File: pdftex.def 2011/05/27 v0.06d Graphics/color for pdfTeX

(/usr/share/texlive/texmf-dist/tex/generic/oberdiek/infwarerr.sty
Package: infwarerr 2010/04/08 v1.3 Providing info/warning/error messages (HO)
)
(/usr/share/texlive/texmf-dist/tex/generic/oberdiek/ltxcmds.sty
Package: ltxcmds 2011/11/09 v1.22 LaTeX kernel commands for general use (HO)
)
\Gread@gobject=\count79
))
\Gin@req@height=\dimen102
\Gin@req@width=\dimen103
)
\epsfxsize=\dimen104
\epsfysize=\dimen105
)
(/usr/share/texlive/texmf-dist/tex/latex/amsfonts/amssymb.sty
Package: amssymb 2013/01/14 v3.01 AMS font symbols

(/usr/share/texlive/texmf-dist/tex/latex/amsfonts/amsfonts.sty
Package: amsfonts 2013/01/14 v3.01 Basic AMSFonts support
\@emptytoks=\toks15
\symAMSa=\mathgroup4
\symAMSb=\mathgroup5
LaTeX Font Info:    Overwriting math alphabet `\mathfrak' in version `bold'
(Font)                  U/euf/m/n --> U/euf/b/n on input line 106.
))
(/usr/share/texlive/texmf-dist/tex/latex/amsmath/amsmath.sty
Package: amsmath 2013/01/14 v2.14 AMS math features
\@mathmargin=\skip41

For additional information on amsmath, use the `?' option.
(/usr/share/texlive/texmf-dist/tex/latex/amsmath/amstext.sty
Package: amstext 2000/06/29 v2.01

(/usr/share/texlive/texmf-dist/tex/latex/amsmath/amsgen.sty
File: amsgen.sty 1999/11/30 v2.0
\@emptytoks=\toks16
\ex@=\dimen106
))
(/usr/share/texlive/texmf-dist/tex/latex/amsmath/amsbsy.sty
Package: amsbsy 1999/11/29 v1.2d
\pmbraise@=\dimen107
)
(/usr/share/texlive/texmf-dist/tex/latex/amsmath/amsopn.sty
Package: amsopn 1999/12/14 v2.01 operator names
)
\inf@bad=\count80
LaTeX Info: Redefining \frac on input line 210.
\uproot@=\count81
\leftroot@=\count82
LaTeX Info: Redefining \overline on input line 306.
\classnum@=\count83
\DOTSCASE@=\count84
LaTeX Info: Redefining \ldots on input line 378.
LaTeX Info: Redefining \dots on input line 381.
LaTeX Info: Redefining \cdots on input line 466.
\Mathstrutbox@=\box26
\strutbox@=\box27
\big@size=\dimen108
LaTeX Font Info:    Redeclaring font encoding OML on input line 566.
LaTeX Font Info:    Redeclaring font encoding OMS on input line 567.
\macc@depth=\count85
\c@MaxMatrixCols=\count86
\dotsspace@=\muskip10
\c@parentequation=\count87
\dspbrk@lvl=\count88
\tag@help=\toks17
\row@=\count89
\column@=\count90
\maxfields@=\count91
\andhelp@=\toks18
\eqnshift@=\dimen109
\alignsep@=\dimen110
\tagshift@=\dimen111
\tagwidth@=\dimen112
\totwidth@=\dimen113
\lineht@=\dimen114
\@envbody=\toks19
\multlinegap=\skip42
\multlinetaggap=\skip43
\mathdisplay@stack=\toks20
LaTeX Info: Redefining \[ on input line 2665.
LaTeX Info: Redefining \] on input line 2666.
)
Document Class 'sig-alternate' <23rd. May '12>. Modified by G.K.M. Tobin/Gerry 
Murray
Based in part upon document Style `acmconf' <22 May 89>. Hacked 4/91 by
shivers@cs.cmu.edu, 4/93 by theobald@cs.mcgill.ca
Excerpts were taken from (Journal Style) 'esub2acm.cls'.
****** Bugs/comments/suggestions/technicalities to Gerry Murray -- murray@hq.ac
m.org ******
Questions on the style, SIGS policies, etc. to Adrienne Griscti griscti@acm.org

\footheight=\dimen115
\@maxsep=\dimen116
\@dblmaxsep=\dimen117
\aucount=\count92
\originalaucount=\count93
\auwidth=\dimen118
\auskip=\dimen119
\auskipcount=\count94
\auskip=\dimen120
\allauboxes=\dimen121
\addauthors=\toks21
\addauflag=\count95
\subtitletext=\toks22
\savesection=\count96
\sectioncntr=\count97
\c@figure=\count98
\c@table=\count99
\titleboxnotes=\toks23
\titleboxnoteflag=\count100
Document Class: sig-alternate 2012/05/23 - V2.5 - based on acmproc.cls V1.3 <No
v. 30 '99>
(/usr/share/texlive/texmf-dist/tex/latex/base/latexsym.sty
Package: latexsym 1998/08/17 v2.2e Standard LaTeX package (lasy symbols)
\symlasy=\mathgroup6
LaTeX Font Info:    Overwriting symbol font `lasy' in version `bold'
(Font)                  U/lasy/m/n --> U/lasy/b/n on input line 47.
)
\@acmtitlebox=\box28
\titlenotecount=\count101
\tntoks=\toks24
\tntokstwo=\toks25
\tntoksthree=\toks26
\tntoksfour=\toks27
\tntoksfive=\toks28
\catcount=\count102
\copyrightnotice=\toks29
\conf=\toks30
\confinfo=\toks31
\c@part=\count103
\c@section=\count104
\c@subsection=\count105
\c@subsubsection=\count106
\c@paragraph=\count107

Using 'Abbrev' bibliography style
LaTeX Info: Redefining \cite on input line 1211.
\bibindent=\dimen122
\colcntr=\count108
\saveb@x=\box29
\copyrtyr=\toks32
\acmcopyr=\toks33
\boilerplate=\toks34
\copyrightetc=\toks35
(/usr/share/texlive/texmf-dist/tex/latex/base/fontenc.sty
Package: fontenc 2005/09/27 v1.99g Standard LaTeX package

(/usr/share/texlive/texmf-dist/tex/latex/base/t1enc.def
File: t1enc.def 2005/09/27 v1.99g Standard LaTeX file
LaTeX Font Info:    Redeclaring font encoding T1 on input line 43.
)
LaTeX Font Info:    Try loading font information for T1+aer on input line 100.

(/usr/share/texlive/texmf-dist/tex/latex/ae/t1aer.fd
File: t1aer.fd 1997/11/16 Font definitions for T1/aer.
)))
(/usr/share/texlive/texmf-dist/tex/latex/etoolbox/etoolbox.sty
Package: etoolbox 2011/01/03 v2.1 e-TeX tools for LaTeX

(/usr/share/texlive/texmf-dist/tex/latex/etex-pkg/etex.sty
Package: etex 1998/03/26 v2.0 eTeX basic definition package (PEB)
\et@xins=\count109
)
\etb@tempcnta=\count110
) (./main.aux)
\openout1 = `main.aux'.

LaTeX Font Info:    Checking defaults for OML/cmm/m/it on input line 27.
LaTeX Font Info:    ... okay on input line 27.
LaTeX Font Info:    Checking defaults for T1/cmr/m/n on input line 27.
LaTeX Font Info:    ... okay on input line 27.
LaTeX Font Info:    Checking defaults for OT1/cmr/m/n on input line 27.
LaTeX Font Info:    ... okay on input line 27.
LaTeX Font Info:    Checking defaults for OMS/cmsy/m/n on input line 27.
LaTeX Font Info:    ... okay on input line 27.
LaTeX Font Info:    Checking defaults for OMX/cmex/m/n on input line 27.
LaTeX Font Info:    ... okay on input line 27.
LaTeX Font Info:    Checking defaults for U/cmr/m/n on input line 27.
LaTeX Font Info:    ... okay on input line 27.

(/usr/share/texlive/texmf-dist/tex/context/base/supp-pdf.mkii
[Loading MPS to PDF converter (version 2006.09.02).]
\scratchcounter=\count111
\scratchdimen=\dimen123
\scratchbox=\box30
\nofMPsegments=\count112
\nofMParguments=\count113
\everyMPshowfont=\toks36
\MPscratchCnt=\count114
\MPscratchDim=\dimen124
\MPnumerator=\count115
\makeMPintoPDFobject=\count116
\everyMPtoPDFconversion=\toks37
) (/usr/share/texlive/texmf-dist/tex/generic/oberdiek/pdftexcmds.sty
Package: pdftexcmds 2011/11/29 v0.20 Utility functions of pdfTeX for LuaTeX (HO
)

(/usr/share/texlive/texmf-dist/tex/generic/oberdiek/ifluatex.sty
Package: ifluatex 2010/03/01 v1.3 Provides the ifluatex switch (HO)
Package ifluatex Info: LuaTeX not detected.
)
(/usr/share/texlive/texmf-dist/tex/generic/oberdiek/ifpdf.sty
Package: ifpdf 2011/01/30 v2.3 Provides the ifpdf switch (HO)
Package ifpdf Info: pdfTeX in PDF mode is detected.
)
Package pdftexcmds Info: LuaTeX not detected.
Package pdftexcmds Info: \pdf@primitive is available.
Package pdftexcmds Info: \pdf@ifprimitive is available.
Package pdftexcmds Info: \pdfdraftmode found.
)
(/usr/share/texlive/texmf-dist/tex/latex/oberdiek/epstopdf-base.sty
Package: epstopdf-base 2010/02/09 v2.5 Base part for package epstopdf

(/usr/share/texlive/texmf-dist/tex/latex/oberdiek/grfext.sty
Package: grfext 2010/08/19 v1.1 Manage graphics extensions (HO)

(/usr/share/texlive/texmf-dist/tex/generic/oberdiek/kvdefinekeys.sty
Package: kvdefinekeys 2011/04/07 v1.3 Define keys (HO)
))
(/usr/share/texlive/texmf-dist/tex/latex/oberdiek/kvoptions.sty
Package: kvoptions 2011/06/30 v3.11 Key value format for package options (HO)

(/usr/share/texlive/texmf-dist/tex/generic/oberdiek/kvsetkeys.sty
Package: kvsetkeys 2012/04/25 v1.16 Key value parser (HO)

(/usr/share/texlive/texmf-dist/tex/generic/oberdiek/etexcmds.sty
Package: etexcmds 2011/02/16 v1.5 Avoid name clashes with e-TeX commands (HO)
Package etexcmds Info: Could not find \expanded.
(etexcmds)             That can mean that you are not using pdfTeX 1.50 or
(etexcmds)             that some package has redefined \expanded.
(etexcmds)             In the latter case, load this package earlier.
)))
Package grfext Info: Graphics extension search list:
(grfext)             [.png,.pdf,.jpg,.mps,.jpeg,.jbig2,.jb2,.PNG,.PDF,.JPG,.JPE
G,.JBIG2,.JB2,.eps]
(grfext)             \AppendGraphicsExtensions on input line 452.

(/usr/share/texlive/texmf-dist/tex/latex/latexconfig/epstopdf-sys.cfg
File: epstopdf-sys.cfg 2010/07/13 v1.3 Configuration of (r)epstopdf for TeX Liv
e
))
LaTeX Font Info:    Try loading font information for U+msa on input line 66.

(/usr/share/texlive/texmf-dist/tex/latex/amsfonts/umsa.fd
File: umsa.fd 2013/01/14 v3.01 AMS symbols A
)
LaTeX Font Info:    Try loading font information for U+msb on input line 66.

(/usr/share/texlive/texmf-dist/tex/latex/amsfonts/umsb.fd
File: umsb.fd 2013/01/14 v3.01 AMS symbols B
)
LaTeX Font Info:    Try loading font information for U+lasy on input line 66.

(/usr/share/texlive/texmf-dist/tex/latex/base/ulasy.fd
File: ulasy.fd 1998/08/17 v2.2e LaTeX symbol font definitions
)
Overfull \hbox (4.29088pt too wide) in paragraph at lines 125--138
[]\T1/aer/m/n/9 Transactional mem-ory (TM) is a con-cur-rency con-trol mech-
 []


Underfull \vbox (badness 10000) has occurred while \output is active []

 [1{/var/lib/texmf/fonts/map/pdftex/updmap/pdftex.map}


]
Overfull \hbox (4.52573pt too wide) in paragraph at lines 148--153
\T1/aer/m/n/9 mem-ory is that of Par-al-lel Dis-crete Event Sim-u-la-tion (PDES
).
 []


Overfull \hbox (4.29088pt too wide) in paragraph at lines 186--197
[]\T1/aer/m/n/9 Transactional mem-ory (TM) is a con-cur-rency con-trol mech-
 []


Overfull \hbox (3.04077pt too wide) in paragraph at lines 186--197
\T1/aer/m/n/9 a-nism that dy-nam-i-cally de-ter-mines when two or more threads
 []


Underfull \vbox (badness 10000) has occurred while \output is active []

 [2]
Overfull \hbox (5.65013pt too wide) in paragraph at lines 305--314
[]\T1/aer/m/n/9 Hardware Trans-ac-tional Mem-ory (HTM) pro-vides the phys-
 []


Overfull \hbox (1.32166pt too wide) in paragraph at lines 315--331
\T1/aer/m/n/9 cur-rently the only widely avail-able com-mer-cial HTM-enabled
 []


Overfull \hbox (1.14967pt too wide) in paragraph at lines 332--332
[]\secfnt Transactional Syn-chro-niza-tion Ex-ten-sions
 []


Underfull \vbox (badness 10000) has occurred while \output is active []

LaTeX Font Info:    Try loading font information for T1+aett on input line 344.


(/usr/share/texlive/texmf-dist/tex/latex/ae/t1aett.fd
File: t1aett.fd 1997/11/16 Font definitions for T1/aett.
)
Overfull \hbox (16.23325pt too wide) in paragraph at lines 407--415
\T1/aer/m/n/9 of mem-ory mod-els, \T1/aett/m/n/9 __ATOMIC_HLE_ACQUIRE|__ATOMIC_
ACQUIRE)
 []


Underfull \vbox (badness 10000) has occurred while \output is active []

 [3]
Overfull \hbox (13.03624pt too wide) in paragraph at lines 442--445
\T1/aer/m/n/9 face for HTM in-tro-duces four new in-struc-tions, namely: \T1/ae
tt/m/n/9 XBEGIN\T1/aer/m/n/9 ,
 []


Overfull \hbox (3.49799pt too wide) in paragraph at lines 451--457
[]\T1/aer/m/n/9 The \T1/aett/m/n/9 XBEGIN \T1/aer/m/n/9 in-struc-tion tran-si-t
ions the pro-ces-sor into trans-
 []


Overfull \hbox (12.81216pt too wide) in paragraph at lines 522--522
[]\secfnt PRACTICAL PRO-GRAM-MING WITH TSX 
 []

[4] <./figures/trxSize_singleThread.pdf, id=26, 361.35pt x 216.81pt>
File: ./figures/trxSize_singleThread.pdf Graphic file (type pdf)

<use ./figures/trxSize_singleThread.pdf>
Package pdftex.def Info: ./figures/trxSize_singleThread.pdf used on input line 
592.
(pdftex.def)             Requested size: 378.0pt x 226.80037pt.

Overfull \hbox (138.0pt too wide) in paragraph at lines 592--594
 [][] 
 []

<./figures/trxSize_hyperthreaded.pdf, id=27, 361.35pt x 216.81pt>
File: ./figures/trxSize_hyperthreaded.pdf Graphic file (type pdf)

<use ./figures/trxSize_hyperthreaded.pdf>
Package pdftex.def Info: ./figures/trxSize_hyperthreaded.pdf used on input line
 622.
(pdftex.def)             Requested size: 378.0pt x 226.80037pt.

Overfull \hbox (138.0pt too wide) in paragraph at lines 622--624
 [][] 
 []


LaTeX Warning: Citation `schwahn' on page \thepage  undefined on input line 637
.

[5 <./figures/trxSize_singleThread.pdf>]
<./figures/trxDuration.pdf, id=39, 361.35pt x 216.81pt>
File: ./figures/trxDuration.pdf Graphic file (type pdf)

<use ./figures/trxDuration.pdf>
Package pdftex.def Info: ./figures/trxDuration.pdf used on input line 652.
(pdftex.def)             Requested size: 378.0pt x 226.80037pt.

Overfull \hbox (138.0pt too wide) in paragraph at lines 652--654
 [][] 
 []

<./figures/single_ltsf_queue.pdf, id=40, 989.29597pt x 376.60701pt>
File: ./figures/single_ltsf_queue.pdf Graphic file (type pdf)

<use ./figures/single_ltsf_queue.pdf>
Package pdftex.def Info: ./figures/single_ltsf_queue.pdf used on input line 695
.
(pdftex.def)             Requested size: 327.59692pt x 124.71169pt.

Overfull \hbox (3.94933pt too wide) in paragraph at lines 796--807
\T1/aer/m/n/9 guar-an-tees the worker thread re-trieves the least time-stamped
 []

[6 <./figures/trxSize_hyperthreaded.pdf> <./figures/trxDuration.pdf

pdfTeX warning: pdflatex (file ./figures/trxDuration.pdf): PDF inclusion: multi
ple pdfs with page group included in a single page
>]
Underfull \vbox (badness 6493) has occurred while \output is active []


Overfull \hbox (12.30136pt too wide) in paragraph at lines 849--855
\T1/aer/m/n/9 sim-ple data struc-tures such as \T1/aett/m/n/9 std:list \T1/aer/
m/n/9 and \T1/aett/m/n/9 std:forward_list
 []

<./figures/notsx_profile.pdf, id=59, 361.35pt x 216.81pt>
File: ./figures/notsx_profile.pdf Graphic file (type pdf)

<use ./figures/notsx_profile.pdf>
Package pdftex.def Info: ./figures/notsx_profile.pdf used on input line 910.
(pdftex.def)             Requested size: 252.0pt x 151.20024pt.

Overfull \hbox (12.0pt too wide) in paragraph at lines 910--912
 [][] 
 []


LaTeX Font Warning: Font shape `T1/aer/bx/sc' undefined
(Font)              using `T1/aer/bx/n' instead on input line 912.

[7 <./figures/single_ltsf_queue.pdf>]
<./figures/multiple_ltsf.pdf, id=68, 1006.962pt x 423.984pt>
File: ./figures/multiple_ltsf.pdf Graphic file (type pdf)

<use ./figures/multiple_ltsf.pdf>
Package pdftex.def Info: ./figures/multiple_ltsf.pdf used on input line 958.
(pdftex.def)             Requested size: 252.0pt x 106.10571pt.

Overfull \hbox (12.0pt too wide) in paragraph at lines 958--960
 [][] 
 []

[8 <./figures/notsx_profile.pdf> <./figures/multiple_ltsf.pdf

pdfTeX warning: pdflatex (file ./figures/multiple_ltsf.pdf): PDF inclusion: mul
tiple pdfs with page group included in a single page
>]
Overfull \hbox (8.79114pt too wide) in paragraph at lines 1018--1022
[]\T1/aer/m/n/9 This sec-tion dis-cusses the var-i-ous crit-i-cal sec-tions of 
\T1/aer/m/sc/9 warped
 []


Overfull \hbox (6.55093pt too wide) in paragraph at lines 1028--1031
[]\T1/aett/m/n/9 updatedScheduleQueueAfterExecute()\T1/aer/m/n/9 : find the sou
rce
 []


Overfull \hbox (33.17082pt too wide) in paragraph at lines 1060--1070
[]\T1/aer/m/n/9 For ex-am-ple, one worker thread calls \T1/aett/m/n/9 nextEvent
ToBeScheduleTime
 []

[9]

LaTeX Font Warning: Font shape `T1/aett/bx/n' undefined
(Font)              using `T1/aett/m/n' instead on input line 1119.


Overfull \hbox (5.22821pt too wide) in paragraph at lines 1206--1206
[]    \T1/aett/bx/n/9 wait before retry using _mm_pause busy-wait loop[] 
 []

[10]
<./figures/hugeepidemicsim-NOmig-timeVSthreads-multiset-1schQ.pdf, id=90, 361.3
5pt x 216.81pt>
File: ./figures/hugeepidemicsim-NOmig-timeVSthreads-multiset-1schQ.pdf Graphic 
file (type pdf)

<use ./figures/hugeepidemicsim-NOmig-timeVSthreads-multiset-1schQ.pdf>
Package pdftex.def Info: ./figures/hugeepidemicsim-NOmig-timeVSthreads-multiset
-1schQ.pdf used on input line 1263.
(pdftex.def)             Requested size: 201.59692pt x 120.95953pt.

<./figures/hugeepidemicsim-NOmig-timeVSthreads-multiset-2schQ.pdf, id=91, 361.3
5pt x 216.81pt>
File: ./figures/hugeepidemicsim-NOmig-timeVSthreads-multiset-2schQ.pdf Graphic 
file (type pdf)

<use ./figures/hugeepidemicsim-NOmig-timeVSthreads-multiset-2schQ.pdf>
Package pdftex.def Info: ./figures/hugeepidemicsim-NOmig-timeVSthreads-multiset
-2schQ.pdf used on input line 1294.
(pdftex.def)             Requested size: 201.59692pt x 120.95953pt.

Underfull \hbox (badness 3803) in paragraph at lines 1295--1295
[]\T1/aer/bx/sc/9 Figure 15: Per-for-mance of Mul-ti-ple Worker
 []

[11 <./figures/hugeepidemicsim-NOmig-timeVSthreads-multiset-1schQ.pdf>]
<./figures/hugeepidemicsim-NOmig-timeVSschedQs-multiset-4thread.pdf, id=103, 36
1.35pt x 216.81pt>
File: ./figures/hugeepidemicsim-NOmig-timeVSschedQs-multiset-4thread.pdf Graphi
c file (type pdf)

<use ./figures/hugeepidemicsim-NOmig-timeVSschedQs-multiset-4thread.pdf>
Package pdftex.def Info: ./figures/hugeepidemicsim-NOmig-timeVSschedQs-multiset
-4thread.pdf used on input line 1313.
(pdftex.def)             Requested size: 201.59692pt x 120.95953pt.

Overfull \hbox (11.05014pt too wide) in paragraph at lines 1327--1330
[]\T1/aer/m/n/9 Another so-lu-tion to con-tention is to dis-tribute worker thre
ads
 []


Overfull \hbox (1.88852pt too wide) in paragraph at lines 1331--1338
[]\T1/aer/m/n/9 The first so-lu-tion con-tin-u-ously mi-grates the worker threa
ds
 []


<./figures/hugeepidemicsim-CONTmig-timeVSthreads-multiset-2schQ.pdf, id=104, 36
1.35pt x 216.81pt>
File: ./figures/hugeepidemicsim-CONTmig-timeVSthreads-multiset-2schQ.pdf Graphi
c file (type pdf)

<use ./figures/hugeepidemicsim-CONTmig-timeVSthreads-multiset-2schQ.pdf>
Package pdftex.def Info: ./figures/hugeepidemicsim-CONTmig-timeVSthreads-multis
et-2schQ.pdf used on input line 1342.
(pdftex.def)             Requested size: 201.59692pt x 120.95953pt.

<./figures/hugeepidemicsim-CONTmig-timeVSschedQs-multiset-4thread.pdf, id=105, 
361.35pt x 216.81pt>
File: ./figures/hugeepidemicsim-CONTmig-timeVSschedQs-multiset-4thread.pdf Grap
hic file (type pdf)

<use ./figures/hugeepidemicsim-CONTmig-timeVSschedQs-multiset-4thread.pdf>
Package pdftex.def Info: ./figures/hugeepidemicsim-CONTmig-timeVSschedQs-multis
et-4thread.pdf used on input line 1357.
(pdftex.def)             Requested size: 201.59692pt x 120.95953pt.

[12 <./figures/hugeepidemicsim-NOmig-timeVSthreads-multiset-2schQ.pdf> <./figur
es/hugeepidemicsim-NOmig-timeVSschedQs-multiset-4thread.pdf

pdfTeX warning: pdflatex (file ./figures/hugeepidemicsim-NOmig-timeVSschedQs-mu
ltiset-4thread.pdf): PDF inclusion: multiple pdfs with page group included in a
 single page
> <./figures/hugeepidemicsim-CONTmig-timeVSthreads-multiset-2schQ.pdf

pdfTeX warning: pdflatex (file ./figures/hugeepidemicsim-CONTmig-timeVSthreads-
multiset-2schQ.pdf): PDF inclusion: multiple pdfs with page group included in a
 single page
> <./figures/hugeepidemicsim-CONTmig-timeVSschedQs-multiset-4thread.pdf

pdfTeX warning: pdflatex (file ./figures/hugeepidemicsim-CONTmig-timeVSschedQs-
multiset-4thread.pdf): PDF inclusion: multiple pdfs with page group included in
 a single page
>]
<./figures/hugeepidemicsim-CONTmig-timeVSschedQs-multiset-7thread.pdf, id=141, 
361.35pt x 216.81pt>
File: ./figures/hugeepidemicsim-CONTmig-timeVSschedQs-multiset-7thread.pdf Grap
hic file (type pdf)

<use ./figures/hugeepidemicsim-CONTmig-timeVSschedQs-multiset-7thread.pdf>
Package pdftex.def Info: ./figures/hugeepidemicsim-CONTmig-timeVSschedQs-multis
et-7thread.pdf used on input line 1376.
(pdftex.def)             Requested size: 201.59692pt x 120.95953pt.

<./figures/hugeepidemicsim-XEVENTmig-timeVSschedQs-multiset-4thread.pdf, id=142
, 361.35pt x 216.81pt>
File: ./figures/hugeepidemicsim-XEVENTmig-timeVSschedQs-multiset-4thread.pdf Gr
aphic file (type pdf)

<use ./figures/hugeepidemicsim-XEVENTmig-timeVSschedQs-multiset-4thread.pdf>
Package pdftex.def Info: ./figures/hugeepidemicsim-XEVENTmig-timeVSschedQs-mult
iset-4thread.pdf used on input line 1424.
(pdftex.def)             Requested size: 201.59692pt x 120.95953pt.

<./figures/migComp_4threads.pdf, id=143, 361.35pt x 216.81pt>
File: ./figures/migComp_4threads.pdf Graphic file (type pdf)

<use ./figures/migComp_4threads.pdf>
Package pdftex.def Info: ./figures/migComp_4threads.pdf used on input line 1457
.
(pdftex.def)             Requested size: 201.59692pt x 120.95953pt.

<./figures/migComp_7threads.pdf, id=144, 361.35pt x 216.81pt>
File: ./figures/migComp_7threads.pdf Graphic file (type pdf)

<use ./figures/migComp_7threads.pdf>
Package pdftex.def Info: ./figures/migComp_7threads.pdf used on input line 1465
.
(pdftex.def)             Requested size: 201.59692pt x 120.95953pt.
 [13 <./figures/hugeepidemicsim-CONTmig-timeVSschedQs-multiset-7thread.pdf> <./
figures/hugeepidemicsim-XEVENTmig-timeVSschedQs-multiset-4thread.pdf

pdfTeX warning: pdflatex (file ./figures/hugeepidemicsim-XEVENTmig-timeVSschedQ
s-multiset-4thread.pdf): PDF inclusion: multiple pdfs with page group included 
in a single page
> <./figures/migComp_4threads.pdf

pdfTeX warning: pdflatex (file ./figures/migComp_4threads.pdf): PDF inclusion: 
multiple pdfs with page group included in a single page
> <./figures/migComp_7threads.pdf

pdfTeX warning: pdflatex (file ./figures/migComp_7threads.pdf): PDF inclusion: 
multiple pdfs with page group included in a single page
>] (./main.bbl
Underfull \vbox (badness 10000) has occurred while \output is active []

 [14])
[15

] (./main.aux)

LaTeX Font Warning: Some font shapes were not available, defaults substituted.

 ) 
Here is how much of TeX's memory you used:
 3298 strings out of 495020
 44023 string characters out of 6181324
 109030 words of memory out of 5000000
 6407 multiletter control sequences out of 15000+600000
 56602 words of font info for 77 fonts, out of 8000000 for 9000
 14 hyphenation exceptions out of 8191
 41i,10n,28p,778b,253s stack positions out of 5000i,500n,10000p,200000b,80000s
{/usr/share/texlive/texmf-dist/fonts/enc/dvips/base/8r.enc}</usr/share/texliv
e/texmf-dist/fonts/type1/public/amsfonts/cm/cmbx9.pfb></usr/share/texlive/texmf
-dist/fonts/type1/public/amsfonts/cm/cmbxti10.pfb></usr/share/texlive/texmf-dis
t/fonts/type1/public/amsfonts/cm/cmcsc10.pfb></usr/share/texlive/texmf-dist/fon
ts/type1/public/amsfonts/cm/cmmi6.pfb></usr/share/texlive/texmf-dist/fonts/type
1/public/amsfonts/cm/cmmi9.pfb></usr/share/texlive/texmf-dist/fonts/type1/publi
c/amsfonts/cm/cmr6.pfb></usr/share/texlive/texmf-dist/fonts/type1/public/amsfon
ts/cm/cmr9.pfb></usr/share/texlive/texmf-dist/fonts/type1/public/amsfonts/cm/cm
sy9.pfb></usr/share/texlive/texmf-dist/fonts/type1/public/amsfonts/cm/cmti9.pfb
></usr/share/texlive/texmf-dist/fonts/type1/public/amsfonts/cm/cmtt9.pfb></usr/
share/texlive/texmf-dist/fonts/type1/urw/helvetic/uhvb8a.pfb></usr/share/texliv
e/texmf-dist/fonts/type1/urw/helvetic/uhvr8a.pfb></usr/share/texlive/texmf-dist
/fonts/type1/urw/times/utmb8a.pfb></usr/share/texlive/texmf-dist/fonts/type1/ur
w/times/utmr8a.pfb></usr/share/texlive/texmf-dist/fonts/type1/urw/times/utmri8a
.pfb>
Output written on main.pdf (15 pages, 500412 bytes).
PDF statistics:
 234 PDF objects out of 1000 (max. 8388607)
 157 compressed objects within 2 object streams
 0 named destinations out of 1000 (max. 500000)
 76 words of extra memory for PDF output out of 10000 (max. 10000000)

